<?xml version="1.0" encoding="UTF-8"?>
<coverage generated="1554123069101" clover="3.2.0">
  <project timestamp="1554123069101" name="All files">
    <metrics statements="2" coveredstatements="1" conditionals="0" coveredconditionals="0" methods="1" coveredmethods="1" elements="3" coveredelements="2" complexity="0" loc="2" ncloc="2" packages="1" files="2" classes="2"/>
    <file name="app.jsx" path="/Users/paulbalitema/Documents/projects/StoreManager-FrontEnd/src/app.jsx">
      <metrics statements="1" coveredstatements="1" conditionals="0" coveredconditionals="0" methods="1" coveredmethods="1"/>
      <line num="6" count="1" type="stmt"/>
    </file>
    <file name="index.js" path="/Users/paulbalitema/Documents/projects/StoreManager-FrontEnd/src/index.js">
      <metrics statements="1" coveredstatements="0" conditionals="0" coveredconditionals="0" methods="0" coveredmethods="0"/>
      <line num="5" count="0" type="stmt"/>
    </file>
  </project>
</coverage>
