{"/Users/paulbalitema/Documents/projects/StoreManager-FrontEnd/src/app.jsx": {"path":"/Users/paulbalitema/Documents/projects/StoreManager-FrontEnd/src/app.jsx","statementMap":{"0":{"start":{"line":6,"column":4},"end":{"line":10,"column":5}}},"fnMap":{"0":{"name":"(anonymous_0)","decl":{"start":{"line":5,"column":2},"end":{"line":5,"column":3}},"loc":{"start":{"line":5,"column":11},"end":{"line":11,"column":3}},"line":5}},"branchMap":{},"s":{"0":1},"f":{"0":1},"b":{},"_coverageSchema":"43e27e138ebf9cfc5966b082cf9a028302ed4184","hash":"574a57414181f420e439d310396941d4c69165fc"}
,"/Users/paulbalitema/Documents/projects/StoreManager-FrontEnd/src/index.js": {"path":"/Users/paulbalitema/Documents/projects/StoreManager-FrontEnd/src/index.js","statementMap":{"0":{"start":{"line":5,"column":0},"end":{"line":5,"column":58}}},"fnMap":{},"branchMap":{},"s":{"0":0},"f":{},"b":{}}
}
